0 info it worked if it ends with ok
1 verbose cli [ '/usr/local/bin/node',
1 verbose cli   '/usr/local/bin/npm',
1 verbose cli   'install',
1 verbose cli   'bcrypt',
1 verbose cli   '--save' ]
2 info using npm@2.15.8
3 info using node@v4.4.7
4 verbose install initial load of /Users/Giuij/Documents/codingdojo/week9 mean/loginreg/package.json
5 warn package.json loginreg@1.0.0 No description
6 warn package.json loginreg@1.0.0 No repository field.
7 warn package.json loginreg@1.0.0 No README data
8 verbose installManyTop reading scoped package data from /Users/Giuij/Documents/codingdojo/week9 mean/loginreg/node_modules/bcryptjs/package.json
9 verbose installManyTop reading scoped package data from /Users/Giuij/Documents/codingdojo/week9 mean/loginreg/node_modules/body-parser/package.json
10 verbose installManyTop reading scoped package data from /Users/Giuij/Documents/codingdojo/week9 mean/loginreg/node_modules/express/package.json
11 verbose installManyTop reading scoped package data from /Users/Giuij/Documents/codingdojo/week9 mean/loginreg/node_modules/express-session/package.json
12 verbose installManyTop reading scoped package data from /Users/Giuij/Documents/codingdojo/week9 mean/loginreg/node_modules/mongoose/package.json
13 verbose readDependencies loading dependencies from /Users/Giuij/Documents/codingdojo/week9 mean/loginreg/package.json
14 silly cache add args [ 'bcrypt', null ]
15 verbose cache add spec bcrypt
16 silly cache add parsed spec Result {
16 silly cache add   raw: 'bcrypt',
16 silly cache add   scope: null,
16 silly cache add   name: 'bcrypt',
16 silly cache add   rawSpec: '',
16 silly cache add   spec: 'latest',
16 silly cache add   type: 'tag' }
17 silly addNamed bcrypt@latest
18 verbose addNamed "latest" is being treated as a dist-tag for bcrypt
19 info addNameTag [ 'bcrypt', 'latest' ]
20 silly mapToRegistry name bcrypt
21 silly mapToRegistry using default registry
22 silly mapToRegistry registry https://registry.npmjs.org/
23 silly mapToRegistry data Result {
23 silly mapToRegistry   raw: 'bcrypt',
23 silly mapToRegistry   scope: null,
23 silly mapToRegistry   name: 'bcrypt',
23 silly mapToRegistry   rawSpec: '',
23 silly mapToRegistry   spec: 'latest',
23 silly mapToRegistry   type: 'tag' }
24 silly mapToRegistry uri https://registry.npmjs.org/bcrypt
25 verbose addNameTag registry:https://registry.npmjs.org/bcrypt not in flight; fetching
26 verbose request uri https://registry.npmjs.org/bcrypt
27 verbose request no auth needed
28 info attempt registry request try #1 at 2:39:02 PM
29 verbose request id 3391eb6974a299d3
30 verbose etag "1FLERZOO8743ZK2LSJTDZBHNR"
31 http request GET https://registry.npmjs.org/bcrypt
32 http 304 https://registry.npmjs.org/bcrypt
33 verbose headers { date: 'Thu, 04 Aug 2016 20:38:59 GMT',
33 verbose headers   via: '1.1 varnish',
33 verbose headers   'cache-control': 'max-age=300',
33 verbose headers   etag: '"1FLERZOO8743ZK2LSJTDZBHNR"',
33 verbose headers   age: '192',
33 verbose headers   connection: 'keep-alive',
33 verbose headers   'x-served-by': 'cache-sea1926-SEA',
33 verbose headers   'x-cache': 'HIT',
33 verbose headers   'x-cache-hits': '17',
33 verbose headers   'x-timer': 'S1470343139.366299,VS0,VE0',
33 verbose headers   vary: 'Accept-Encoding' }
34 silly get cb [ 304,
34 silly get   { date: 'Thu, 04 Aug 2016 20:38:59 GMT',
34 silly get     via: '1.1 varnish',
34 silly get     'cache-control': 'max-age=300',
34 silly get     etag: '"1FLERZOO8743ZK2LSJTDZBHNR"',
34 silly get     age: '192',
34 silly get     connection: 'keep-alive',
34 silly get     'x-served-by': 'cache-sea1926-SEA',
34 silly get     'x-cache': 'HIT',
34 silly get     'x-cache-hits': '17',
34 silly get     'x-timer': 'S1470343139.366299,VS0,VE0',
34 silly get     vary: 'Accept-Encoding' } ]
35 verbose etag https://registry.npmjs.org/bcrypt from cache
36 verbose get saving bcrypt to /Users/Giuij/.npm/registry.npmjs.org/bcrypt/.cache.json
37 verbose correctMkdir /Users/Giuij/.npm correctMkdir not in flight; initializing
38 silly addNameTag next cb for bcrypt with tag latest
39 silly addNamed bcrypt@0.8.7
40 verbose addNamed "0.8.7" is a plain semver version for bcrypt
41 silly cache afterAdd bcrypt@0.8.7
42 verbose afterAdd /Users/Giuij/.npm/bcrypt/0.8.7/package/package.json not in flight; writing
43 verbose correctMkdir /Users/Giuij/.npm correctMkdir not in flight; initializing
44 verbose afterAdd /Users/Giuij/.npm/bcrypt/0.8.7/package/package.json written
45 silly install resolved [ { name: 'bcrypt',
45 silly install resolved     description: 'A bcrypt library for NodeJS.',
45 silly install resolved     keywords:
45 silly install resolved      [ 'bcrypt',
45 silly install resolved        'password',
45 silly install resolved        'auth',
45 silly install resolved        'authentication',
45 silly install resolved        'encryption',
45 silly install resolved        'crypt',
45 silly install resolved        'crypto' ],
45 silly install resolved     main: './bcrypt',
45 silly install resolved     version: '0.8.7',
45 silly install resolved     author: { name: 'Nick Campbell', url: 'https://github.com/ncb000gt' },
45 silly install resolved     engines: { node: '>= 0.6.0' },
45 silly install resolved     repository:
45 silly install resolved      { type: 'git',
45 silly install resolved        url: 'git+https://github.com/ncb000gt/node.bcrypt.js.git' },
45 silly install resolved     license: 'MIT',
45 silly install resolved     bugs: { url: 'https://github.com/ncb000gt/node.bcrypt.js/issues' },
45 silly install resolved     scripts:
45 silly install resolved      { test: 'node-gyp configure build && nodeunit test',
45 silly install resolved        install: 'node-gyp rebuild' },
45 silly install resolved     dependencies: { bindings: '1.2.1', nan: '2.3.5' },
45 silly install resolved     devDependencies: { nodeunit: '~0.9.1' },
45 silly install resolved     contributors:
45 silly install resolved      [ [Object],
45 silly install resolved        [Object],
45 silly install resolved        [Object],
45 silly install resolved        [Object],
45 silly install resolved        [Object],
45 silly install resolved        [Object],
45 silly install resolved        [Object],
45 silly install resolved        [Object],
45 silly install resolved        [Object],
45 silly install resolved        [Object],
45 silly install resolved        [Object],
45 silly install resolved        [Object],
45 silly install resolved        [Object],
45 silly install resolved        [Object] ],
45 silly install resolved     gypfile: true,
45 silly install resolved     gitHead: '0dc9b78dab6980d129b77d1df723aa44daa7deb4',
45 silly install resolved     homepage: 'https://github.com/ncb000gt/node.bcrypt.js#readme',
45 silly install resolved     _id: 'bcrypt@0.8.7',
45 silly install resolved     _shasum: 'bc3875a9afd0a7b2cd231a6a7f218a5ce156b093',
45 silly install resolved     _from: 'bcrypt@latest',
45 silly install resolved     _npmVersion: '3.8.9',
45 silly install resolved     _nodeVersion: '6.2.0',
45 silly install resolved     _npmUser: { name: 'defunctzombie', email: 'shtylman@gmail.com' },
45 silly install resolved     dist:
45 silly install resolved      { shasum: 'bc3875a9afd0a7b2cd231a6a7f218a5ce156b093',
45 silly install resolved        tarball: 'https://registry.npmjs.org/bcrypt/-/bcrypt-0.8.7.tgz' },
45 silly install resolved     maintainers: [ [Object], [Object], [Object], [Object] ],
45 silly install resolved     _npmOperationalInternal:
45 silly install resolved      { host: 'packages-12-west.internal.npmjs.com',
45 silly install resolved        tmp: 'tmp/bcrypt-0.8.7.tgz_1465526713712_0.05265477881766856' },
45 silly install resolved     directories: {},
45 silly install resolved     _resolved: 'https://registry.npmjs.org/bcrypt/-/bcrypt-0.8.7.tgz',
45 silly install resolved     readme: 'ERROR: No README data found!' } ]
46 info install bcrypt@0.8.7 into /Users/Giuij/Documents/codingdojo/week9 mean/loginreg
47 info installOne bcrypt@0.8.7
48 verbose installOne of bcrypt to /Users/Giuij/Documents/codingdojo/week9 mean/loginreg not in flight; installing
49 verbose correctMkdir /Users/Giuij/.npm/_locks correctMkdir not in flight; initializing
50 verbose lock using /Users/Giuij/.npm/_locks/bcrypt-edf7786a988f81b1.lock for /Users/Giuij/Documents/codingdojo/week9 mean/loginreg/node_modules/bcrypt
51 silly install write writing bcrypt 0.8.7 to /Users/Giuij/Documents/codingdojo/week9 mean/loginreg/node_modules/bcrypt
52 verbose unbuild node_modules/bcrypt
53 silly gentlyRm /Users/Giuij/Documents/codingdojo/week9 mean/loginreg/node_modules/bcrypt is being purged from base /Users/Giuij/Documents/codingdojo/week9 mean/loginreg
54 verbose gentlyRm don't care about contents; nuking /Users/Giuij/Documents/codingdojo/week9 mean/loginreg/node_modules/bcrypt
55 verbose tar unpack /Users/Giuij/.npm/bcrypt/0.8.7/package.tgz
56 verbose tar unpacking to /Users/Giuij/Documents/codingdojo/week9 mean/loginreg/node_modules/bcrypt
57 silly gentlyRm /Users/Giuij/Documents/codingdojo/week9 mean/loginreg/node_modules/bcrypt is being purged
58 verbose gentlyRm don't care about contents; nuking /Users/Giuij/Documents/codingdojo/week9 mean/loginreg/node_modules/bcrypt
59 silly gunzTarPerm modes [ '755', '644' ]
60 silly gunzTarPerm extractEntry package.json
61 silly gunzTarPerm extractEntry .npmignore
62 silly gunzTarPerm extractEntry README.md
63 silly gunzTarPerm extractEntry LICENSE
64 silly gunzTarPerm extractEntry bcrypt.js
65 silly gunzTarPerm extractEntry Makefile
66 silly gunzTarPerm extractEntry .travis.yml
67 silly gunzTarPerm extractEntry CHANGELOG.md
68 silly gunzTarPerm extractEntry binding.gyp
69 silly gunzTarPerm extractEntry examples/async_compare.js
70 silly gunzTarPerm extractEntry examples/forever_gen_salt.js
71 silly gunzTarPerm extractEntry test/async.js
72 silly gunzTarPerm extractEntry test/repetitions.js
73 silly gunzTarPerm extractEntry test/sync.js
74 silly gunzTarPerm extractEntry ISSUE_TEMPLATE.md
75 silly gunzTarPerm extractEntry src/bcrypt.cc
76 silly gunzTarPerm extractEntry src/bcrypt_node.cc
77 silly gunzTarPerm extractEntry src/blowfish.cc
78 silly gunzTarPerm extractEntry src/node_blf.h
79 silly gunzTarPerm extractEntry werker.yml
80 verbose write writing to /Users/Giuij/Documents/codingdojo/week9 mean/loginreg/node_modules/bcrypt/package.json
81 info preinstall bcrypt@0.8.7
82 verbose readDependencies loading dependencies from /Users/Giuij/Documents/codingdojo/week9 mean/loginreg/node_modules/bcrypt/package.json
83 silly prepareForInstallMany adding bindings@1.2.1 from bcrypt dependencies
84 silly prepareForInstallMany adding nan@2.3.5 from bcrypt dependencies
85 verbose readDependencies loading dependencies from /Users/Giuij/Documents/codingdojo/week9 mean/loginreg/node_modules/bcrypt/package.json
86 silly cache add args [ 'bindings@1.2.1', null ]
87 verbose cache add spec bindings@1.2.1
88 silly cache add args [ 'nan@2.3.5', null ]
89 verbose cache add spec nan@2.3.5
90 silly cache add parsed spec Result {
90 silly cache add   raw: 'bindings@1.2.1',
90 silly cache add   scope: null,
90 silly cache add   name: 'bindings',
90 silly cache add   rawSpec: '1.2.1',
90 silly cache add   spec: '1.2.1',
90 silly cache add   type: 'version' }
91 silly addNamed bindings@1.2.1
92 verbose addNamed "1.2.1" is a plain semver version for bindings
93 silly mapToRegistry name bindings
94 silly mapToRegistry using default registry
95 silly mapToRegistry registry https://registry.npmjs.org/
96 silly mapToRegistry data Result {
96 silly mapToRegistry   raw: 'bindings',
96 silly mapToRegistry   scope: null,
96 silly mapToRegistry   name: 'bindings',
96 silly mapToRegistry   rawSpec: '',
96 silly mapToRegistry   spec: 'latest',
96 silly mapToRegistry   type: 'tag' }
97 silly mapToRegistry uri https://registry.npmjs.org/bindings
98 verbose addNameVersion registry:https://registry.npmjs.org/bindings not in flight; fetching
99 silly cache add parsed spec Result {
99 silly cache add   raw: 'nan@2.3.5',
99 silly cache add   scope: null,
99 silly cache add   name: 'nan',
99 silly cache add   rawSpec: '2.3.5',
99 silly cache add   spec: '2.3.5',
99 silly cache add   type: 'version' }
100 silly addNamed nan@2.3.5
101 verbose addNamed "2.3.5" is a plain semver version for nan
102 silly mapToRegistry name nan
103 silly mapToRegistry using default registry
104 silly mapToRegistry registry https://registry.npmjs.org/
105 silly mapToRegistry data Result {
105 silly mapToRegistry   raw: 'nan',
105 silly mapToRegistry   scope: null,
105 silly mapToRegistry   name: 'nan',
105 silly mapToRegistry   rawSpec: '',
105 silly mapToRegistry   spec: 'latest',
105 silly mapToRegistry   type: 'tag' }
106 silly mapToRegistry uri https://registry.npmjs.org/nan
107 verbose addNameVersion registry:https://registry.npmjs.org/nan not in flight; fetching
108 verbose request uri https://registry.npmjs.org/bindings
109 verbose request no auth needed
110 info attempt registry request try #1 at 2:39:02 PM
111 verbose etag "9UWSP22HTOHKKIMOB4NCPYRCX"
112 http request GET https://registry.npmjs.org/bindings
113 verbose request uri https://registry.npmjs.org/nan
114 verbose request no auth needed
115 info attempt registry request try #1 at 2:39:02 PM
116 verbose etag "EGTR1APXEV7TH8V3QYT0WN357"
117 http request GET https://registry.npmjs.org/nan
118 http 200 https://registry.npmjs.org/bindings
119 verbose headers { server: 'CouchDB/1.6.1 (Erlang OTP/R16B03)',
119 verbose headers   etag: '"33TX4J3DNTGF7K41ZUV6OA182"',
119 verbose headers   'content-type': 'application/json',
119 verbose headers   'content-encoding': 'gzip',
119 verbose headers   'cache-control': 'max-age=300',
119 verbose headers   'content-length': '3804',
119 verbose headers   'accept-ranges': 'bytes',
119 verbose headers   date: 'Thu, 04 Aug 2016 20:38:59 GMT',
119 verbose headers   via: '1.1 varnish',
119 verbose headers   age: '27',
119 verbose headers   connection: 'keep-alive',
119 verbose headers   'x-served-by': 'cache-sea1926-SEA',
119 verbose headers   'x-cache': 'HIT',
119 verbose headers   'x-cache-hits': '1',
119 verbose headers   'x-timer': 'S1470343139.570136,VS0,VE0',
119 verbose headers   vary: 'Accept-Encoding' }
120 silly get cb [ 200,
120 silly get   { server: 'CouchDB/1.6.1 (Erlang OTP/R16B03)',
120 silly get     etag: '"33TX4J3DNTGF7K41ZUV6OA182"',
120 silly get     'content-type': 'application/json',
120 silly get     'content-encoding': 'gzip',
120 silly get     'cache-control': 'max-age=300',
120 silly get     'content-length': '3804',
120 silly get     'accept-ranges': 'bytes',
120 silly get     date: 'Thu, 04 Aug 2016 20:38:59 GMT',
120 silly get     via: '1.1 varnish',
120 silly get     age: '27',
120 silly get     connection: 'keep-alive',
120 silly get     'x-served-by': 'cache-sea1926-SEA',
120 silly get     'x-cache': 'HIT',
120 silly get     'x-cache-hits': '1',
120 silly get     'x-timer': 'S1470343139.570136,VS0,VE0',
120 silly get     vary: 'Accept-Encoding' } ]
121 verbose get saving bindings to /Users/Giuij/.npm/registry.npmjs.org/bindings/.cache.json
122 verbose correctMkdir /Users/Giuij/.npm correctMkdir not in flight; initializing
123 silly mapToRegistry name bindings
124 silly mapToRegistry using default registry
125 silly mapToRegistry registry https://registry.npmjs.org/
126 silly mapToRegistry data Result {
126 silly mapToRegistry   raw: 'bindings',
126 silly mapToRegistry   scope: null,
126 silly mapToRegistry   name: 'bindings',
126 silly mapToRegistry   rawSpec: '',
126 silly mapToRegistry   spec: 'latest',
126 silly mapToRegistry   type: 'tag' }
127 silly mapToRegistry uri https://registry.npmjs.org/bindings
128 verbose addRemoteTarball https://registry.npmjs.org/bindings/-/bindings-1.2.1.tgz not in flight; adding
129 verbose addRemoteTarball [ 'https://registry.npmjs.org/bindings/-/bindings-1.2.1.tgz',
129 verbose addRemoteTarball   '14ad6113812d2d37d72e67b4cacb4bb726505f11' ]
130 info retry fetch attempt 1 at 2:39:02 PM
131 info attempt registry request try #1 at 2:39:02 PM
132 http fetch GET https://registry.npmjs.org/bindings/-/bindings-1.2.1.tgz
133 http fetch 200 https://registry.npmjs.org/bindings/-/bindings-1.2.1.tgz
134 http 304 https://registry.npmjs.org/nan
135 verbose headers { date: 'Thu, 04 Aug 2016 20:38:59 GMT',
135 verbose headers   via: '1.1 varnish',
135 verbose headers   'cache-control': 'max-age=300',
135 verbose headers   etag: '"EGTR1APXEV7TH8V3QYT0WN357"',
135 verbose headers   age: '160',
135 verbose headers   connection: 'keep-alive',
135 verbose headers   'x-served-by': 'cache-sea1925-SEA',
135 verbose headers   'x-cache': 'HIT',
135 verbose headers   'x-cache-hits': '13',
135 verbose headers   'x-timer': 'S1470343139.624840,VS0,VE0',
135 verbose headers   vary: 'Accept-Encoding' }
136 silly get cb [ 304,
136 silly get   { date: 'Thu, 04 Aug 2016 20:38:59 GMT',
136 silly get     via: '1.1 varnish',
136 silly get     'cache-control': 'max-age=300',
136 silly get     etag: '"EGTR1APXEV7TH8V3QYT0WN357"',
136 silly get     age: '160',
136 silly get     connection: 'keep-alive',
136 silly get     'x-served-by': 'cache-sea1925-SEA',
136 silly get     'x-cache': 'HIT',
136 silly get     'x-cache-hits': '13',
136 silly get     'x-timer': 'S1470343139.624840,VS0,VE0',
136 silly get     vary: 'Accept-Encoding' } ]
137 verbose etag https://registry.npmjs.org/nan from cache
138 verbose get saving nan to /Users/Giuij/.npm/registry.npmjs.org/nan/.cache.json
139 verbose correctMkdir /Users/Giuij/.npm correctMkdir not in flight; initializing
140 silly fetchAndShaCheck shasum 14ad6113812d2d37d72e67b4cacb4bb726505f11
141 verbose addTmpTarball /var/folders/5k/1nqzjhpn51vbbnr6szzk409m0000gn/T/npm-4767-45a3f711/registry.npmjs.org/bindings/-/bindings-1.2.1.tgz not in flight; adding
142 verbose addTmpTarball already have metadata; skipping unpack for bindings@1.2.1
143 verbose correctMkdir /Users/Giuij/.npm correctMkdir not in flight; initializing
144 silly cache afterAdd nan@2.3.5
145 verbose afterAdd /Users/Giuij/.npm/nan/2.3.5/package/package.json not in flight; writing
146 verbose correctMkdir /Users/Giuij/.npm correctMkdir not in flight; initializing
147 verbose afterAdd /Users/Giuij/.npm/nan/2.3.5/package/package.json written
148 silly cache afterAdd bindings@1.2.1
149 verbose afterAdd /Users/Giuij/.npm/bindings/1.2.1/package/package.json not in flight; writing
150 verbose correctMkdir /Users/Giuij/.npm correctMkdir not in flight; initializing
151 verbose afterAdd /Users/Giuij/.npm/bindings/1.2.1/package/package.json written
152 silly install resolved [ { name: 'nan',
152 silly install resolved     version: '2.3.5',
152 silly install resolved     description: 'Native Abstractions for Node.js: C++ header for Node 0.8 -> 6 compatibility',
152 silly install resolved     main: 'include_dirs.js',
152 silly install resolved     repository: { type: 'git', url: 'git://github.com/nodejs/nan.git' },
152 silly install resolved     scripts:
152 silly install resolved      { test: 'tap --gc --stderr test/js/*-test.js',
152 silly install resolved        'rebuild-tests': 'node-gyp rebuild --msvs_version=2013 --directory test',
152 silly install resolved        docs: 'doc/.build.sh' },
152 silly install resolved     contributors:
152 silly install resolved      [ [Object],
152 silly install resolved        [Object],
152 silly install resolved        [Object],
152 silly install resolved        [Object],
152 silly install resolved        [Object],
152 silly install resolved        [Object],
152 silly install resolved        [Object] ],
152 silly install resolved     devDependencies:
152 silly install resolved      { bindings: '~1.2.1',
152 silly install resolved        commander: '^2.8.1',
152 silly install resolved        glob: '^5.0.14',
152 silly install resolved        'node-gyp': '~3.0.1',
152 silly install resolved        tap: '~0.7.1',
152 silly install resolved        xtend: '~4.0.0' },
152 silly install resolved     license: 'MIT',
152 silly install resolved     bugs: { url: 'https://github.com/nodejs/nan/issues' },
152 silly install resolved     homepage: 'https://github.com/nodejs/nan#readme',
152 silly install resolved     _id: 'nan@2.3.5',
152 silly install resolved     _shasum: '822a0dc266290ce4cd3a12282ca3e7e364668a08',
152 silly install resolved     _resolved: 'https://registry.npmjs.org/nan/-/nan-2.3.5.tgz',
152 silly install resolved     _from: 'nan@2.3.5',
152 silly install resolved     _npmVersion: '3.3.6',
152 silly install resolved     _nodeVersion: '5.0.0',
152 silly install resolved     _npmUser: { name: 'kkoopa', email: 'bbyholm@abo.fi' },
152 silly install resolved     dist:
152 silly install resolved      { shasum: '822a0dc266290ce4cd3a12282ca3e7e364668a08',
152 silly install resolved        tarball: 'https://registry.npmjs.org/nan/-/nan-2.3.5.tgz' },
152 silly install resolved     maintainers: [ [Object], [Object] ],
152 silly install resolved     _npmOperationalInternal:
152 silly install resolved      { host: 'packages-12-west.internal.npmjs.com',
152 silly install resolved        tmp: 'tmp/nan-2.3.5.tgz_1464707164994_0.4295874561648816' },
152 silly install resolved     directories: {},
152 silly install resolved     readme: 'ERROR: No README data found!' },
152 silly install resolved   { name: 'bindings',
152 silly install resolved     description: 'Helper module for loading your native module\'s .node file',
152 silly install resolved     keywords: [ 'native', 'addon', 'bindings', 'gyp', 'waf', 'c', 'c++' ],
152 silly install resolved     version: '1.2.1',
152 silly install resolved     author:
152 silly install resolved      { name: 'Nathan Rajlich',
152 silly install resolved        email: 'nathan@tootallnate.net',
152 silly install resolved        url: 'http://tootallnate.net' },
152 silly install resolved     repository:
152 silly install resolved      { type: 'git',
152 silly install resolved        url: 'git://github.com/TooTallNate/node-bindings.git' },
152 silly install resolved     main: './bindings.js',
152 silly install resolved     bugs: { url: 'https://github.com/TooTallNate/node-bindings/issues' },
152 silly install resolved     homepage: 'https://github.com/TooTallNate/node-bindings',
152 silly install resolved     license: 'MIT',
152 silly install resolved     gitHead: 'e404152ee27f8478ccbc7122ee051246e8e5ec02',
152 silly install resolved     _id: 'bindings@1.2.1',
152 silly install resolved     scripts: {},
152 silly install resolved     _shasum: '14ad6113812d2d37d72e67b4cacb4bb726505f11',
152 silly install resolved     _from: 'bindings@1.2.1',
152 silly install resolved     _npmVersion: '1.4.14',
152 silly install resolved     _npmUser: { name: 'tootallnate', email: 'nathan@tootallnate.net' },
152 silly install resolved     maintainers: [ [Object], [Object] ],
152 silly install resolved     dist:
152 silly install resolved      { shasum: '14ad6113812d2d37d72e67b4cacb4bb726505f11',
152 silly install resolved        tarball: 'https://registry.npmjs.org/bindings/-/bindings-1.2.1.tgz' },
152 silly install resolved     directories: {},
152 silly install resolved     _resolved: 'https://registry.npmjs.org/bindings/-/bindings-1.2.1.tgz' } ]
153 info install nan@2.3.5 into /Users/Giuij/Documents/codingdojo/week9 mean/loginreg/node_modules/bcrypt
154 info install bindings@1.2.1 into /Users/Giuij/Documents/codingdojo/week9 mean/loginreg/node_modules/bcrypt
155 info installOne nan@2.3.5
156 verbose installOne of nan to /Users/Giuij/Documents/codingdojo/week9 mean/loginreg/node_modules/bcrypt not in flight; installing
157 verbose correctMkdir /Users/Giuij/.npm/_locks correctMkdir not in flight; initializing
158 info installOne bindings@1.2.1
159 verbose installOne of bindings to /Users/Giuij/Documents/codingdojo/week9 mean/loginreg/node_modules/bcrypt not in flight; installing
160 verbose correctMkdir /Users/Giuij/.npm/_locks correctMkdir not in flight; initializing
161 verbose lock using /Users/Giuij/.npm/_locks/nan-c1cd2eab374c51e3.lock for /Users/Giuij/Documents/codingdojo/week9 mean/loginreg/node_modules/bcrypt/node_modules/nan
162 verbose lock using /Users/Giuij/.npm/_locks/bindings-0198c5420fdbb151.lock for /Users/Giuij/Documents/codingdojo/week9 mean/loginreg/node_modules/bcrypt/node_modules/bindings
163 silly install write writing nan 2.3.5 to /Users/Giuij/Documents/codingdojo/week9 mean/loginreg/node_modules/bcrypt/node_modules/nan
164 silly install write writing bindings 1.2.1 to /Users/Giuij/Documents/codingdojo/week9 mean/loginreg/node_modules/bcrypt/node_modules/bindings
165 verbose unbuild node_modules/bcrypt/node_modules/nan
166 verbose unbuild node_modules/bcrypt/node_modules/bindings
167 silly gentlyRm /Users/Giuij/Documents/codingdojo/week9 mean/loginreg/node_modules/bcrypt/node_modules/nan is being purged from base /Users/Giuij/Documents/codingdojo/week9 mean/loginreg
168 verbose gentlyRm don't care about contents; nuking /Users/Giuij/Documents/codingdojo/week9 mean/loginreg/node_modules/bcrypt/node_modules/nan
169 silly gentlyRm /Users/Giuij/Documents/codingdojo/week9 mean/loginreg/node_modules/bcrypt/node_modules/bindings is being purged from base /Users/Giuij/Documents/codingdojo/week9 mean/loginreg
170 verbose gentlyRm don't care about contents; nuking /Users/Giuij/Documents/codingdojo/week9 mean/loginreg/node_modules/bcrypt/node_modules/bindings
171 verbose tar unpack /Users/Giuij/.npm/nan/2.3.5/package.tgz
172 verbose tar unpacking to /Users/Giuij/Documents/codingdojo/week9 mean/loginreg/node_modules/bcrypt/node_modules/nan
173 silly gentlyRm /Users/Giuij/Documents/codingdojo/week9 mean/loginreg/node_modules/bcrypt/node_modules/nan is being purged
174 verbose gentlyRm don't care about contents; nuking /Users/Giuij/Documents/codingdojo/week9 mean/loginreg/node_modules/bcrypt/node_modules/nan
175 verbose tar unpack /Users/Giuij/.npm/bindings/1.2.1/package.tgz
176 verbose tar unpacking to /Users/Giuij/Documents/codingdojo/week9 mean/loginreg/node_modules/bcrypt/node_modules/bindings
177 silly gentlyRm /Users/Giuij/Documents/codingdojo/week9 mean/loginreg/node_modules/bcrypt/node_modules/bindings is being purged
178 verbose gentlyRm don't care about contents; nuking /Users/Giuij/Documents/codingdojo/week9 mean/loginreg/node_modules/bcrypt/node_modules/bindings
179 silly gunzTarPerm modes [ '755', '644' ]
180 silly gunzTarPerm modes [ '755', '644' ]
181 silly gunzTarPerm extractEntry package.json
182 silly gunzTarPerm extractEntry package.json
183 silly gunzTarPerm modified mode [ 'package.json', 436, 420 ]
184 silly gunzTarPerm extractEntry README.md
185 silly gunzTarPerm extractEntry bindings.js
186 silly gunzTarPerm extractEntry README.md
187 silly gunzTarPerm modified mode [ 'README.md', 436, 420 ]
188 silly gunzTarPerm extractEntry include_dirs.js
189 silly gunzTarPerm modified mode [ 'include_dirs.js', 436, 420 ]
190 silly gunzTarPerm extractEntry nan_converters.h
191 silly gunzTarPerm modified mode [ 'nan_converters.h', 436, 420 ]
192 silly gunzTarPerm extractEntry LICENSE.md
193 silly gunzTarPerm modified mode [ 'LICENSE.md', 436, 420 ]
194 silly gunzTarPerm extractEntry doc/node_misc.md
195 silly gunzTarPerm modified mode [ 'doc/node_misc.md', 436, 420 ]
196 silly gunzTarPerm extractEntry doc/asyncworker.md
197 silly gunzTarPerm modified mode [ 'doc/asyncworker.md', 436, 420 ]
198 silly gunzTarPerm extractEntry doc/callback.md
199 silly gunzTarPerm modified mode [ 'doc/callback.md', 436, 420 ]
200 silly gunzTarPerm extractEntry doc/converters.md
201 silly gunzTarPerm modified mode [ 'doc/converters.md', 436, 420 ]
202 silly gunzTarPerm extractEntry doc/errors.md
203 silly gunzTarPerm modified mode [ 'doc/errors.md', 436, 420 ]
204 silly gunzTarPerm extractEntry doc/maybe_types.md
205 silly gunzTarPerm modified mode [ 'doc/maybe_types.md', 436, 420 ]
206 verbose write writing to /Users/Giuij/Documents/codingdojo/week9 mean/loginreg/node_modules/bcrypt/node_modules/bindings/package.json
207 info preinstall bindings@1.2.1
208 silly gunzTarPerm extractEntry doc/methods.md
209 silly gunzTarPerm modified mode [ 'doc/methods.md', 436, 420 ]
210 silly gunzTarPerm extractEntry doc/new.md
211 silly gunzTarPerm modified mode [ 'doc/new.md', 436, 420 ]
212 verbose readDependencies loading dependencies from /Users/Giuij/Documents/codingdojo/week9 mean/loginreg/node_modules/bcrypt/node_modules/bindings/package.json
213 silly gunzTarPerm extractEntry doc/buffers.md
214 silly gunzTarPerm modified mode [ 'doc/buffers.md', 436, 420 ]
215 silly gunzTarPerm extractEntry doc/object_wrappers.md
216 silly gunzTarPerm modified mode [ 'doc/object_wrappers.md', 436, 420 ]
217 verbose readDependencies loading dependencies from /Users/Giuij/Documents/codingdojo/week9 mean/loginreg/node_modules/bcrypt/node_modules/bindings/package.json
218 silly gunzTarPerm extractEntry doc/persistent.md
219 silly gunzTarPerm modified mode [ 'doc/persistent.md', 436, 420 ]
220 silly gunzTarPerm extractEntry doc/scopes.md
221 silly gunzTarPerm modified mode [ 'doc/scopes.md', 436, 420 ]
222 silly install resolved []
223 verbose about to build /Users/Giuij/Documents/codingdojo/week9 mean/loginreg/node_modules/bcrypt/node_modules/bindings
224 info build /Users/Giuij/Documents/codingdojo/week9 mean/loginreg/node_modules/bcrypt/node_modules/bindings
225 silly gunzTarPerm extractEntry doc/script.md
226 silly gunzTarPerm modified mode [ 'doc/script.md', 436, 420 ]
227 info linkStuff bindings@1.2.1
228 silly linkStuff bindings@1.2.1 has /Users/Giuij/Documents/codingdojo/week9 mean/loginreg/node_modules/bcrypt/node_modules as its parent node_modules
229 verbose linkBins bindings@1.2.1
230 verbose linkMans bindings@1.2.1
231 verbose rebuildBundles bindings@1.2.1
232 info install bindings@1.2.1
233 silly gunzTarPerm extractEntry doc/string_bytes.md
234 silly gunzTarPerm modified mode [ 'doc/string_bytes.md', 436, 420 ]
235 silly gunzTarPerm extractEntry doc/v8_internals.md
236 silly gunzTarPerm modified mode [ 'doc/v8_internals.md', 436, 420 ]
237 info postinstall bindings@1.2.1
238 verbose unlock done using /Users/Giuij/.npm/_locks/bindings-0198c5420fdbb151.lock for /Users/Giuij/Documents/codingdojo/week9 mean/loginreg/node_modules/bcrypt/node_modules/bindings
239 silly gunzTarPerm extractEntry doc/v8_misc.md
240 silly gunzTarPerm modified mode [ 'doc/v8_misc.md', 436, 420 ]
241 silly gunzTarPerm extractEntry nan.h
242 silly gunzTarPerm modified mode [ 'nan.h', 436, 420 ]
243 silly gunzTarPerm extractEntry nan_callbacks.h
244 silly gunzTarPerm modified mode [ 'nan_callbacks.h', 436, 420 ]
245 silly gunzTarPerm extractEntry nan_callbacks_12_inl.h
246 silly gunzTarPerm modified mode [ 'nan_callbacks_12_inl.h', 436, 420 ]
247 silly gunzTarPerm extractEntry nan_callbacks_pre_12_inl.h
248 silly gunzTarPerm modified mode [ 'nan_callbacks_pre_12_inl.h', 436, 420 ]
249 silly gunzTarPerm extractEntry nan_converters_43_inl.h
250 silly gunzTarPerm modified mode [ 'nan_converters_43_inl.h', 436, 420 ]
251 silly gunzTarPerm extractEntry nan_converters_pre_43_inl.h
252 silly gunzTarPerm modified mode [ 'nan_converters_pre_43_inl.h', 436, 420 ]
253 silly gunzTarPerm extractEntry nan_implementation_12_inl.h
254 silly gunzTarPerm modified mode [ 'nan_implementation_12_inl.h', 436, 420 ]
255 silly gunzTarPerm extractEntry nan_implementation_pre_12_inl.h
256 silly gunzTarPerm modified mode [ 'nan_implementation_pre_12_inl.h', 436, 420 ]
257 silly gunzTarPerm extractEntry nan_maybe_43_inl.h
258 silly gunzTarPerm modified mode [ 'nan_maybe_43_inl.h', 436, 420 ]
259 silly gunzTarPerm extractEntry nan_maybe_pre_43_inl.h
260 silly gunzTarPerm modified mode [ 'nan_maybe_pre_43_inl.h', 436, 420 ]
261 silly gunzTarPerm extractEntry nan_new.h
262 silly gunzTarPerm modified mode [ 'nan_new.h', 436, 420 ]
263 silly gunzTarPerm extractEntry nan_object_wrap.h
264 silly gunzTarPerm modified mode [ 'nan_object_wrap.h', 436, 420 ]
265 silly gunzTarPerm extractEntry nan_persistent_12_inl.h
266 silly gunzTarPerm modified mode [ 'nan_persistent_12_inl.h', 436, 420 ]
267 silly gunzTarPerm extractEntry nan_persistent_pre_12_inl.h
268 silly gunzTarPerm modified mode [ 'nan_persistent_pre_12_inl.h', 436, 420 ]
269 silly gunzTarPerm extractEntry nan_string_bytes.h
270 silly gunzTarPerm modified mode [ 'nan_string_bytes.h', 436, 420 ]
271 silly gunzTarPerm extractEntry nan_typedarray_contents.h
272 silly gunzTarPerm modified mode [ 'nan_typedarray_contents.h', 436, 420 ]
273 silly gunzTarPerm extractEntry nan_weak.h
274 silly gunzTarPerm modified mode [ 'nan_weak.h', 436, 420 ]
275 silly gunzTarPerm extractEntry CHANGELOG.md
276 silly gunzTarPerm modified mode [ 'CHANGELOG.md', 436, 420 ]
277 silly gunzTarPerm extractEntry tools/package.json
278 silly gunzTarPerm modified mode [ 'tools/package.json', 436, 420 ]
279 silly gunzTarPerm extractEntry tools/README.md
280 silly gunzTarPerm modified mode [ 'tools/README.md', 436, 420 ]
281 silly gunzTarPerm extractEntry tools/1to2.js
282 silly gunzTarPerm modified mode [ 'tools/1to2.js', 509, 493 ]
283 verbose write writing to /Users/Giuij/Documents/codingdojo/week9 mean/loginreg/node_modules/bcrypt/node_modules/nan/package.json
284 info preinstall nan@2.3.5
285 verbose readDependencies loading dependencies from /Users/Giuij/Documents/codingdojo/week9 mean/loginreg/node_modules/bcrypt/node_modules/nan/package.json
286 verbose readDependencies loading dependencies from /Users/Giuij/Documents/codingdojo/week9 mean/loginreg/node_modules/bcrypt/node_modules/nan/package.json
287 silly install resolved []
288 verbose about to build /Users/Giuij/Documents/codingdojo/week9 mean/loginreg/node_modules/bcrypt/node_modules/nan
289 info build /Users/Giuij/Documents/codingdojo/week9 mean/loginreg/node_modules/bcrypt/node_modules/nan
290 info linkStuff nan@2.3.5
291 silly linkStuff nan@2.3.5 has /Users/Giuij/Documents/codingdojo/week9 mean/loginreg/node_modules/bcrypt/node_modules as its parent node_modules
292 verbose linkBins nan@2.3.5
293 verbose linkMans nan@2.3.5
294 verbose rebuildBundles nan@2.3.5
295 info install nan@2.3.5
296 info postinstall nan@2.3.5
297 verbose unlock done using /Users/Giuij/.npm/_locks/nan-c1cd2eab374c51e3.lock for /Users/Giuij/Documents/codingdojo/week9 mean/loginreg/node_modules/bcrypt/node_modules/nan
298 verbose about to build /Users/Giuij/Documents/codingdojo/week9 mean/loginreg/node_modules/bcrypt
299 info build /Users/Giuij/Documents/codingdojo/week9 mean/loginreg/node_modules/bcrypt
300 info linkStuff bcrypt@0.8.7
301 silly linkStuff bcrypt@0.8.7 has /Users/Giuij/Documents/codingdojo/week9 mean/loginreg/node_modules as its parent node_modules
302 verbose linkBins bcrypt@0.8.7
303 verbose linkMans bcrypt@0.8.7
304 verbose rebuildBundles bcrypt@0.8.7
305 verbose rebuildBundles [ 'bindings', 'nan' ]
306 info install bcrypt@0.8.7
307 verbose unsafe-perm in lifecycle true
308 info bcrypt@0.8.7 Failed to exec install script
309 verbose unlock done using /Users/Giuij/.npm/_locks/bcrypt-edf7786a988f81b1.lock for /Users/Giuij/Documents/codingdojo/week9 mean/loginreg/node_modules/bcrypt
310 verbose stack Error: bcrypt@0.8.7 install: `node-gyp rebuild`
310 verbose stack Exit status 1
310 verbose stack     at EventEmitter.<anonymous> (/usr/local/lib/node_modules/npm/lib/utils/lifecycle.js:217:16)
310 verbose stack     at emitTwo (events.js:87:13)
310 verbose stack     at EventEmitter.emit (events.js:172:7)
310 verbose stack     at ChildProcess.<anonymous> (/usr/local/lib/node_modules/npm/lib/utils/spawn.js:24:14)
310 verbose stack     at emitTwo (events.js:87:13)
310 verbose stack     at ChildProcess.emit (events.js:172:7)
310 verbose stack     at maybeClose (internal/child_process.js:827:16)
310 verbose stack     at Process.ChildProcess._handle.onexit (internal/child_process.js:211:5)
311 verbose pkgid bcrypt@0.8.7
312 verbose cwd /Users/Giuij/Documents/codingdojo/week9 mean/loginreg
313 error Darwin 14.5.0
314 error argv "/usr/local/bin/node" "/usr/local/bin/npm" "install" "bcrypt" "--save"
315 error node v4.4.7
316 error npm  v2.15.8
317 error code ELIFECYCLE
318 error bcrypt@0.8.7 install: `node-gyp rebuild`
318 error Exit status 1
319 error Failed at the bcrypt@0.8.7 install script 'node-gyp rebuild'.
319 error This is most likely a problem with the bcrypt package,
319 error not with npm itself.
319 error Tell the author that this fails on your system:
319 error     node-gyp rebuild
319 error You can get information on how to open an issue for this project with:
319 error     npm bugs bcrypt
319 error Or if that isn't available, you can get their info via:
319 error
319 error     npm owner ls bcrypt
319 error There is likely additional logging output above.
320 verbose exit [ 1, true ]
321 verbose unbuild node_modules/bcrypt
322 info preuninstall bcrypt@0.8.7
323 info uninstall bcrypt@0.8.7
324 verbose unbuild rmStuff bcrypt@0.8.7 from /Users/Giuij/Documents/codingdojo/week9 mean/loginreg/node_modules
325 info postuninstall bcrypt@0.8.7
326 silly gentlyRm /Users/Giuij/Documents/codingdojo/week9 mean/loginreg/node_modules/bcrypt is being purged from base /Users/Giuij/Documents/codingdojo/week9 mean/loginreg
327 verbose gentlyRm don't care about contents; nuking /Users/Giuij/Documents/codingdojo/week9 mean/loginreg/node_modules/bcrypt
328 silly vacuum-fs purging /Users/Giuij/Documents/codingdojo/week9 mean/loginreg/node_modules/bcrypt
329 silly vacuum-fs quitting because other entries in /Users/Giuij/Documents/codingdojo/week9 mean/loginreg/node_modules
